Classic Timing Analyzer report for ledy
Tue Dec 03 23:38:18 2013
Quartus II Version 9.1 Build 350 03/24/2010 Service Pack 2 SJ Web Edition


---------------------
; Table of Contents ;
---------------------
  1. Legal Notice
  2. Timing Analyzer Summary
  3. Timing Analyzer Settings
  4. Clock Settings Summary
  5. Parallel Compilation
  6. Clock Setup: 'clk'
  7. Clock Setup: 'clk_l'
  8. tco
  9. Timing Analyzer Messages



----------------
; Legal Notice ;
----------------
Copyright (C) 1991-2010 Altera Corporation
Your use of Altera Corporation's design tools, logic functions 
and other software and tools, and its AMPP partner logic 
functions, and any output files from any of the foregoing 
(including device programming or simulation files), and any 
associated documentation or information are expressly subject 
to the terms and conditions of the Altera Program License 
Subscription Agreement, Altera MegaCore Function License 
Agreement, or other applicable license agreement, including, 
without limitation, that your use is for the sole purpose of 
programming logic devices manufactured by Altera and sold by 
Altera or its authorized distributors.  Please refer to the 
applicable agreement for further details.



+------------------------------------------------------------------------------------------------------------------------------------------------------------------------------------+
; Timing Analyzer Summary                                                                                                                                                            ;
+------------------------------+-------+---------------+----------------------------------+-------------------------+-------------------------+------------+----------+--------------+
; Type                         ; Slack ; Required Time ; Actual Time                      ; From                    ; To                      ; From Clock ; To Clock ; Failed Paths ;
+------------------------------+-------+---------------+----------------------------------+-------------------------+-------------------------+------------+----------+--------------+
; Worst-case tco               ; N/A   ; None          ; 9.409 ns                         ; green_leds:inst|leds[2] ; leds[2]                 ; clk_l      ; --       ; 0            ;
; Clock Setup: 'clk'           ; N/A   ; None          ; 194.97 MHz ( period = 5.129 ns ) ; freq_div:inst1|i[0]     ; freq_div:inst1|i[3]     ; clk        ; clk      ; 0            ;
; Clock Setup: 'clk_l'         ; N/A   ; None          ; 392.62 MHz ( period = 2.547 ns ) ; green_leds:inst|i[2]    ; green_leds:inst|leds[6] ; clk_l      ; clk_l    ; 0            ;
; Total number of failed paths ;       ;               ;                                  ;                         ;                         ;            ;          ; 0            ;
+------------------------------+-------+---------------+----------------------------------+-------------------------+-------------------------+------------+----------+--------------+


+-----------------------------------------------------------------------------------------------------------------------------------------------------+
; Timing Analyzer Settings                                                                                                                            ;
+------------------------------------------------------------------------------------------------------+--------------------+------+----+-------------+
; Option                                                                                               ; Setting            ; From ; To ; Entity Name ;
+------------------------------------------------------------------------------------------------------+--------------------+------+----+-------------+
; Device Name                                                                                          ; EP2C35F672C6       ;      ;    ;             ;
; Timing Models                                                                                        ; Final              ;      ;    ;             ;
; Default hold multicycle                                                                              ; Same as Multicycle ;      ;    ;             ;
; Cut paths between unrelated clock domains                                                            ; On                 ;      ;    ;             ;
; Cut off read during write signal paths                                                               ; On                 ;      ;    ;             ;
; Cut off feedback from I/O pins                                                                       ; On                 ;      ;    ;             ;
; Report Combined Fast/Slow Timing                                                                     ; Off                ;      ;    ;             ;
; Ignore Clock Settings                                                                                ; Off                ;      ;    ;             ;
; Analyze latches as synchronous elements                                                              ; On                 ;      ;    ;             ;
; Enable Recovery/Removal analysis                                                                     ; Off                ;      ;    ;             ;
; Enable Clock Latency                                                                                 ; Off                ;      ;    ;             ;
; Use TimeQuest Timing Analyzer                                                                        ; Off                ;      ;    ;             ;
; Minimum Core Junction Temperature                                                                    ; 0                  ;      ;    ;             ;
; Maximum Core Junction Temperature                                                                    ; 85                 ;      ;    ;             ;
; Number of source nodes to report per destination node                                                ; 10                 ;      ;    ;             ;
; Number of destination nodes to report                                                                ; 10                 ;      ;    ;             ;
; Number of paths to report                                                                            ; 200                ;      ;    ;             ;
; Report Minimum Timing Checks                                                                         ; Off                ;      ;    ;             ;
; Use Fast Timing Models                                                                               ; Off                ;      ;    ;             ;
; Report IO Paths Separately                                                                           ; Off                ;      ;    ;             ;
; Perform Multicorner Analysis                                                                         ; On                 ;      ;    ;             ;
; Reports the worst-case path for each clock domain and analysis                                       ; Off                ;      ;    ;             ;
; Reports worst-case timing paths for each clock domain and analysis                                   ; On                 ;      ;    ;             ;
; Specifies the maximum number of worst-case timing paths to report for each clock domain and analysis ; 100                ;      ;    ;             ;
; Removes common clock path pessimism (CCPP) during slack computation                                  ; Off                ;      ;    ;             ;
; Output I/O Timing Endpoint                                                                           ; Near End           ;      ;    ;             ;
+------------------------------------------------------------------------------------------------------+--------------------+------+----+-------------+


+------------------------------------------------------------------------------------------------------------------------------------------------------------------------------------+
; Clock Settings Summary                                                                                                                                                             ;
+-----------------+--------------------+----------+------------------+---------------+--------------+----------+-----------------------+---------------------+--------+--------------+
; Clock Node Name ; Clock Setting Name ; Type     ; Fmax Requirement ; Early Latency ; Late Latency ; Based on ; Multiply Base Fmax by ; Divide Base Fmax by ; Offset ; Phase offset ;
+-----------------+--------------------+----------+------------------+---------------+--------------+----------+-----------------------+---------------------+--------+--------------+
; clk             ;                    ; User Pin ; None             ; 0.000 ns      ; 0.000 ns     ; --       ; N/A                   ; N/A                 ; N/A    ;              ;
; clk_l           ;                    ; User Pin ; None             ; 0.000 ns      ; 0.000 ns     ; --       ; N/A                   ; N/A                 ; N/A    ;              ;
+-----------------+--------------------+----------+------------------+---------------+--------------+----------+-----------------------+---------------------+--------+--------------+


Parallel compilation was disabled, but you have multiple processors available. Enable parallel compilation to reduce compilation time.
+-------------------------------------+
; Parallel Compilation                ;
+----------------------------+--------+
; Processors                 ; Number ;
+----------------------------+--------+
; Number detected on machine ; 2      ;
; Maximum allowed            ; 1      ;
+----------------------------+--------+


+-----------------------------------------------------------------------------------------------------------------------------------------------------------------------------------------------------------------------------------------------------------+
; Clock Setup: 'clk'                                                                                                                                                                                                                                        ;
+-----------------------------------------+-----------------------------------------------------+----------------------+------------------------+------------+----------+-----------------------------+---------------------------+-------------------------+
; Slack                                   ; Actual fmax (period)                                ; From                 ; To                     ; From Clock ; To Clock ; Required Setup Relationship ; Required Longest P2P Time ; Actual Longest P2P Time ;
+-----------------------------------------+-----------------------------------------------------+----------------------+------------------------+------------+----------+-----------------------------+---------------------------+-------------------------+
; N/A                                     ; 194.97 MHz ( period = 5.129 ns )                    ; freq_div:inst1|i[0]  ; freq_div:inst1|i[3]    ; clk        ; clk      ; None                        ; None                      ; 4.916 ns                ;
; N/A                                     ; 195.89 MHz ( period = 5.105 ns )                    ; freq_div:inst1|i[3]  ; freq_div:inst1|i[3]    ; clk        ; clk      ; None                        ; None                      ; 4.891 ns                ;
; N/A                                     ; 195.89 MHz ( period = 5.105 ns )                    ; freq_div:inst1|i[1]  ; freq_div:inst1|i[3]    ; clk        ; clk      ; None                        ; None                      ; 4.892 ns                ;
; N/A                                     ; 195.96 MHz ( period = 5.103 ns )                    ; freq_div:inst1|i[0]  ; freq_div:inst1|i[0]    ; clk        ; clk      ; None                        ; None                      ; 4.889 ns                ;
; N/A                                     ; 195.96 MHz ( period = 5.103 ns )                    ; freq_div:inst1|i[0]  ; freq_div:inst1|i[4]    ; clk        ; clk      ; None                        ; None                      ; 4.889 ns                ;
; N/A                                     ; 196.89 MHz ( period = 5.079 ns )                    ; freq_div:inst1|i[3]  ; freq_div:inst1|i[0]    ; clk        ; clk      ; None                        ; None                      ; 4.864 ns                ;
; N/A                                     ; 196.89 MHz ( period = 5.079 ns )                    ; freq_div:inst1|i[1]  ; freq_div:inst1|i[0]    ; clk        ; clk      ; None                        ; None                      ; 4.865 ns                ;
; N/A                                     ; 196.89 MHz ( period = 5.079 ns )                    ; freq_div:inst1|i[3]  ; freq_div:inst1|i[4]    ; clk        ; clk      ; None                        ; None                      ; 4.864 ns                ;
; N/A                                     ; 196.89 MHz ( period = 5.079 ns )                    ; freq_div:inst1|i[1]  ; freq_div:inst1|i[4]    ; clk        ; clk      ; None                        ; None                      ; 4.865 ns                ;
; N/A                                     ; 198.65 MHz ( period = 5.034 ns )                    ; freq_div:inst1|i[2]  ; freq_div:inst1|i[3]    ; clk        ; clk      ; None                        ; None                      ; 4.821 ns                ;
; N/A                                     ; 199.68 MHz ( period = 5.008 ns )                    ; freq_div:inst1|i[2]  ; freq_div:inst1|i[0]    ; clk        ; clk      ; None                        ; None                      ; 4.794 ns                ;
; N/A                                     ; 199.68 MHz ( period = 5.008 ns )                    ; freq_div:inst1|i[2]  ; freq_div:inst1|i[4]    ; clk        ; clk      ; None                        ; None                      ; 4.794 ns                ;
; N/A                                     ; 208.68 MHz ( period = 4.792 ns )                    ; freq_div:inst1|i[0]  ; freq_div:inst1|clk_out ; clk        ; clk      ; None                        ; None                      ; 4.579 ns                ;
; N/A                                     ; 209.64 MHz ( period = 4.770 ns )                    ; freq_div:inst1|i[4]  ; freq_div:inst1|i[3]    ; clk        ; clk      ; None                        ; None                      ; 4.557 ns                ;
; N/A                                     ; 209.73 MHz ( period = 4.768 ns )                    ; freq_div:inst1|i[3]  ; freq_div:inst1|clk_out ; clk        ; clk      ; None                        ; None                      ; 4.554 ns                ;
; N/A                                     ; 209.73 MHz ( period = 4.768 ns )                    ; freq_div:inst1|i[1]  ; freq_div:inst1|clk_out ; clk        ; clk      ; None                        ; None                      ; 4.555 ns                ;
; N/A                                     ; 210.79 MHz ( period = 4.744 ns )                    ; freq_div:inst1|i[4]  ; freq_div:inst1|i[0]    ; clk        ; clk      ; None                        ; None                      ; 4.530 ns                ;
; N/A                                     ; 210.79 MHz ( period = 4.744 ns )                    ; freq_div:inst1|i[4]  ; freq_div:inst1|i[4]    ; clk        ; clk      ; None                        ; None                      ; 4.530 ns                ;
; N/A                                     ; 212.90 MHz ( period = 4.697 ns )                    ; freq_div:inst1|i[2]  ; freq_div:inst1|clk_out ; clk        ; clk      ; None                        ; None                      ; 4.484 ns                ;
; N/A                                     ; 213.04 MHz ( period = 4.694 ns )                    ; freq_div:inst1|i[5]  ; freq_div:inst1|i[3]    ; clk        ; clk      ; None                        ; None                      ; 4.481 ns                ;
; N/A                                     ; 214.22 MHz ( period = 4.668 ns )                    ; freq_div:inst1|i[5]  ; freq_div:inst1|i[0]    ; clk        ; clk      ; None                        ; None                      ; 4.454 ns                ;
; N/A                                     ; 214.22 MHz ( period = 4.668 ns )                    ; freq_div:inst1|i[5]  ; freq_div:inst1|i[4]    ; clk        ; clk      ; None                        ; None                      ; 4.454 ns                ;
; N/A                                     ; 214.68 MHz ( period = 4.658 ns )                    ; freq_div:inst1|i[6]  ; freq_div:inst1|i[3]    ; clk        ; clk      ; None                        ; None                      ; 4.445 ns                ;
; N/A                                     ; 215.89 MHz ( period = 4.632 ns )                    ; freq_div:inst1|i[6]  ; freq_div:inst1|i[0]    ; clk        ; clk      ; None                        ; None                      ; 4.418 ns                ;
; N/A                                     ; 215.89 MHz ( period = 4.632 ns )                    ; freq_div:inst1|i[6]  ; freq_div:inst1|i[4]    ; clk        ; clk      ; None                        ; None                      ; 4.418 ns                ;
; N/A                                     ; 219.68 MHz ( period = 4.552 ns )                    ; freq_div:inst1|i[7]  ; freq_div:inst1|i[3]    ; clk        ; clk      ; None                        ; None                      ; 4.339 ns                ;
; N/A                                     ; 219.78 MHz ( period = 4.550 ns )                    ; freq_div:inst1|i[12] ; freq_div:inst1|i[3]    ; clk        ; clk      ; None                        ; None                      ; 4.342 ns                ;
; N/A                                     ; 219.93 MHz ( period = 4.547 ns )                    ; freq_div:inst1|i[10] ; freq_div:inst1|i[3]    ; clk        ; clk      ; None                        ; None                      ; 4.334 ns                ;
; N/A                                     ; 220.95 MHz ( period = 4.526 ns )                    ; freq_div:inst1|i[7]  ; freq_div:inst1|i[0]    ; clk        ; clk      ; None                        ; None                      ; 4.312 ns                ;
; N/A                                     ; 220.95 MHz ( period = 4.526 ns )                    ; freq_div:inst1|i[7]  ; freq_div:inst1|i[4]    ; clk        ; clk      ; None                        ; None                      ; 4.312 ns                ;
; N/A                                     ; 221.04 MHz ( period = 4.524 ns )                    ; freq_div:inst1|i[12] ; freq_div:inst1|i[0]    ; clk        ; clk      ; None                        ; None                      ; 4.315 ns                ;
; N/A                                     ; 221.04 MHz ( period = 4.524 ns )                    ; freq_div:inst1|i[12] ; freq_div:inst1|i[4]    ; clk        ; clk      ; None                        ; None                      ; 4.315 ns                ;
; N/A                                     ; 221.19 MHz ( period = 4.521 ns )                    ; freq_div:inst1|i[10] ; freq_div:inst1|i[0]    ; clk        ; clk      ; None                        ; None                      ; 4.307 ns                ;
; N/A                                     ; 221.19 MHz ( period = 4.521 ns )                    ; freq_div:inst1|i[10] ; freq_div:inst1|i[4]    ; clk        ; clk      ; None                        ; None                      ; 4.307 ns                ;
; N/A                                     ; 221.43 MHz ( period = 4.516 ns )                    ; freq_div:inst1|i[8]  ; freq_div:inst1|i[3]    ; clk        ; clk      ; None                        ; None                      ; 4.303 ns                ;
; N/A                                     ; 222.72 MHz ( period = 4.490 ns )                    ; freq_div:inst1|i[8]  ; freq_div:inst1|i[0]    ; clk        ; clk      ; None                        ; None                      ; 4.276 ns                ;
; N/A                                     ; 222.72 MHz ( period = 4.490 ns )                    ; freq_div:inst1|i[8]  ; freq_div:inst1|i[4]    ; clk        ; clk      ; None                        ; None                      ; 4.276 ns                ;
; N/A                                     ; 225.58 MHz ( period = 4.433 ns )                    ; freq_div:inst1|i[4]  ; freq_div:inst1|clk_out ; clk        ; clk      ; None                        ; None                      ; 4.220 ns                ;
; N/A                                     ; 226.96 MHz ( period = 4.406 ns )                    ; freq_div:inst1|i[9]  ; freq_div:inst1|i[3]    ; clk        ; clk      ; None                        ; None                      ; 4.193 ns                ;
; N/A                                     ; 228.31 MHz ( period = 4.380 ns )                    ; freq_div:inst1|i[9]  ; freq_div:inst1|i[0]    ; clk        ; clk      ; None                        ; None                      ; 4.166 ns                ;
; N/A                                     ; 228.31 MHz ( period = 4.380 ns )                    ; freq_div:inst1|i[9]  ; freq_div:inst1|i[4]    ; clk        ; clk      ; None                        ; None                      ; 4.166 ns                ;
; N/A                                     ; 229.52 MHz ( period = 4.357 ns )                    ; freq_div:inst1|i[5]  ; freq_div:inst1|clk_out ; clk        ; clk      ; None                        ; None                      ; 4.144 ns                ;
; N/A                                     ; 231.43 MHz ( period = 4.321 ns )                    ; freq_div:inst1|i[6]  ; freq_div:inst1|clk_out ; clk        ; clk      ; None                        ; None                      ; 4.108 ns                ;
; N/A                                     ; 233.59 MHz ( period = 4.281 ns )                    ; freq_div:inst1|i[11] ; freq_div:inst1|i[3]    ; clk        ; clk      ; None                        ; None                      ; 4.068 ns                ;
; N/A                                     ; 235.02 MHz ( period = 4.255 ns )                    ; freq_div:inst1|i[11] ; freq_div:inst1|i[0]    ; clk        ; clk      ; None                        ; None                      ; 4.041 ns                ;
; N/A                                     ; 235.02 MHz ( period = 4.255 ns )                    ; freq_div:inst1|i[11] ; freq_div:inst1|i[4]    ; clk        ; clk      ; None                        ; None                      ; 4.041 ns                ;
; N/A                                     ; 237.25 MHz ( period = 4.215 ns )                    ; freq_div:inst1|i[7]  ; freq_div:inst1|clk_out ; clk        ; clk      ; None                        ; None                      ; 4.002 ns                ;
; N/A                                     ; 237.36 MHz ( period = 4.213 ns )                    ; freq_div:inst1|i[12] ; freq_div:inst1|clk_out ; clk        ; clk      ; None                        ; None                      ; 4.005 ns                ;
; N/A                                     ; 237.53 MHz ( period = 4.210 ns )                    ; freq_div:inst1|i[10] ; freq_div:inst1|clk_out ; clk        ; clk      ; None                        ; None                      ; 3.997 ns                ;
; N/A                                     ; 239.29 MHz ( period = 4.179 ns )                    ; freq_div:inst1|i[8]  ; freq_div:inst1|clk_out ; clk        ; clk      ; None                        ; None                      ; 3.966 ns                ;
; N/A                                     ; 241.14 MHz ( period = 4.147 ns )                    ; freq_div:inst1|i[14] ; freq_div:inst1|i[3]    ; clk        ; clk      ; None                        ; None                      ; 3.939 ns                ;
; N/A                                     ; 242.66 MHz ( period = 4.121 ns )                    ; freq_div:inst1|i[14] ; freq_div:inst1|i[0]    ; clk        ; clk      ; None                        ; None                      ; 3.912 ns                ;
; N/A                                     ; 242.66 MHz ( period = 4.121 ns )                    ; freq_div:inst1|i[14] ; freq_div:inst1|i[4]    ; clk        ; clk      ; None                        ; None                      ; 3.912 ns                ;
; N/A                                     ; 245.10 MHz ( period = 4.080 ns )                    ; freq_div:inst1|i[15] ; freq_div:inst1|i[3]    ; clk        ; clk      ; None                        ; None                      ; 3.872 ns                ;
; N/A                                     ; 245.76 MHz ( period = 4.069 ns )                    ; freq_div:inst1|i[9]  ; freq_div:inst1|clk_out ; clk        ; clk      ; None                        ; None                      ; 3.856 ns                ;
; N/A                                     ; 246.67 MHz ( period = 4.054 ns )                    ; freq_div:inst1|i[15] ; freq_div:inst1|i[0]    ; clk        ; clk      ; None                        ; None                      ; 3.845 ns                ;
; N/A                                     ; 246.67 MHz ( period = 4.054 ns )                    ; freq_div:inst1|i[15] ; freq_div:inst1|i[4]    ; clk        ; clk      ; None                        ; None                      ; 3.845 ns                ;
; N/A                                     ; 247.22 MHz ( period = 4.045 ns )                    ; freq_div:inst1|i[13] ; freq_div:inst1|i[3]    ; clk        ; clk      ; None                        ; None                      ; 3.837 ns                ;
; N/A                                     ; 248.82 MHz ( period = 4.019 ns )                    ; freq_div:inst1|i[13] ; freq_div:inst1|i[0]    ; clk        ; clk      ; None                        ; None                      ; 3.810 ns                ;
; N/A                                     ; 248.82 MHz ( period = 4.019 ns )                    ; freq_div:inst1|i[13] ; freq_div:inst1|i[4]    ; clk        ; clk      ; None                        ; None                      ; 3.810 ns                ;
; N/A                                     ; 253.55 MHz ( period = 3.944 ns )                    ; freq_div:inst1|i[11] ; freq_div:inst1|clk_out ; clk        ; clk      ; None                        ; None                      ; 3.731 ns                ;
; N/A                                     ; 260.89 MHz ( period = 3.833 ns )                    ; freq_div:inst1|i[16] ; freq_div:inst1|i[3]    ; clk        ; clk      ; None                        ; None                      ; 3.625 ns                ;
; N/A                                     ; 262.47 MHz ( period = 3.810 ns )                    ; freq_div:inst1|i[14] ; freq_div:inst1|clk_out ; clk        ; clk      ; None                        ; None                      ; 3.602 ns                ;
; N/A                                     ; 262.67 MHz ( period = 3.807 ns )                    ; freq_div:inst1|i[16] ; freq_div:inst1|i[0]    ; clk        ; clk      ; None                        ; None                      ; 3.598 ns                ;
; N/A                                     ; 262.67 MHz ( period = 3.807 ns )                    ; freq_div:inst1|i[16] ; freq_div:inst1|i[4]    ; clk        ; clk      ; None                        ; None                      ; 3.598 ns                ;
; N/A                                     ; 265.18 MHz ( period = 3.771 ns )                    ; freq_div:inst1|i[17] ; freq_div:inst1|i[0]    ; clk        ; clk      ; None                        ; None                      ; 3.562 ns                ;
; N/A                                     ; 265.18 MHz ( period = 3.771 ns )                    ; freq_div:inst1|i[17] ; freq_div:inst1|i[4]    ; clk        ; clk      ; None                        ; None                      ; 3.562 ns                ;
; N/A                                     ; 266.67 MHz ( period = 3.750 ns )                    ; freq_div:inst1|i[17] ; freq_div:inst1|i[3]    ; clk        ; clk      ; None                        ; None                      ; 3.542 ns                ;
; N/A                                     ; 267.17 MHz ( period = 3.743 ns )                    ; freq_div:inst1|i[15] ; freq_div:inst1|clk_out ; clk        ; clk      ; None                        ; None                      ; 3.535 ns                ;
; N/A                                     ; 269.69 MHz ( period = 3.708 ns )                    ; freq_div:inst1|i[13] ; freq_div:inst1|clk_out ; clk        ; clk      ; None                        ; None                      ; 3.500 ns                ;
; N/A                                     ; 270.20 MHz ( period = 3.701 ns )                    ; freq_div:inst1|i[18] ; freq_div:inst1|i[0]    ; clk        ; clk      ; None                        ; None                      ; 3.492 ns                ;
; N/A                                     ; 270.20 MHz ( period = 3.701 ns )                    ; freq_div:inst1|i[18] ; freq_div:inst1|i[4]    ; clk        ; clk      ; None                        ; None                      ; 3.492 ns                ;
; N/A                                     ; 275.79 MHz ( period = 3.626 ns )                    ; freq_div:inst1|i[18] ; freq_div:inst1|i[3]    ; clk        ; clk      ; None                        ; None                      ; 3.418 ns                ;
; N/A                                     ; 277.93 MHz ( period = 3.598 ns )                    ; freq_div:inst1|i[19] ; freq_div:inst1|i[0]    ; clk        ; clk      ; None                        ; None                      ; 3.389 ns                ;
; N/A                                     ; 277.93 MHz ( period = 3.598 ns )                    ; freq_div:inst1|i[19] ; freq_div:inst1|i[4]    ; clk        ; clk      ; None                        ; None                      ; 3.389 ns                ;
; N/A                                     ; 286.04 MHz ( period = 3.496 ns )                    ; freq_div:inst1|i[16] ; freq_div:inst1|clk_out ; clk        ; clk      ; None                        ; None                      ; 3.288 ns                ;
; N/A                                     ; 287.11 MHz ( period = 3.483 ns )                    ; freq_div:inst1|i[19] ; freq_div:inst1|i[3]    ; clk        ; clk      ; None                        ; None                      ; 3.275 ns                ;
; N/A                                     ; 288.18 MHz ( period = 3.470 ns )                    ; freq_div:inst1|i[20] ; freq_div:inst1|i[0]    ; clk        ; clk      ; None                        ; None                      ; 3.261 ns                ;
; N/A                                     ; 288.18 MHz ( period = 3.470 ns )                    ; freq_div:inst1|i[20] ; freq_div:inst1|i[4]    ; clk        ; clk      ; None                        ; None                      ; 3.261 ns                ;
; N/A                                     ; 289.02 MHz ( period = 3.460 ns )                    ; freq_div:inst1|i[17] ; freq_div:inst1|clk_out ; clk        ; clk      ; None                        ; None                      ; 3.252 ns                ;
; N/A                                     ; 294.99 MHz ( period = 3.390 ns )                    ; freq_div:inst1|i[18] ; freq_div:inst1|clk_out ; clk        ; clk      ; None                        ; None                      ; 3.182 ns                ;
; N/A                                     ; 297.27 MHz ( period = 3.364 ns )                    ; freq_div:inst1|i[21] ; freq_div:inst1|i[0]    ; clk        ; clk      ; None                        ; None                      ; 3.155 ns                ;
; N/A                                     ; 297.27 MHz ( period = 3.364 ns )                    ; freq_div:inst1|i[21] ; freq_div:inst1|i[4]    ; clk        ; clk      ; None                        ; None                      ; 3.155 ns                ;
; N/A                                     ; 298.06 MHz ( period = 3.355 ns )                    ; freq_div:inst1|i[20] ; freq_div:inst1|i[3]    ; clk        ; clk      ; None                        ; None                      ; 3.147 ns                ;
; N/A                                     ; 303.67 MHz ( period = 3.293 ns )                    ; freq_div:inst1|i[0]  ; freq_div:inst1|i[24]   ; clk        ; clk      ; None                        ; None                      ; 3.074 ns                ;
; N/A                                     ; 304.23 MHz ( period = 3.287 ns )                    ; freq_div:inst1|i[19] ; freq_div:inst1|clk_out ; clk        ; clk      ; None                        ; None                      ; 3.079 ns                ;
; N/A                                     ; 305.90 MHz ( period = 3.269 ns )                    ; freq_div:inst1|i[3]  ; freq_div:inst1|i[24]   ; clk        ; clk      ; None                        ; None                      ; 3.049 ns                ;
; N/A                                     ; 305.90 MHz ( period = 3.269 ns )                    ; freq_div:inst1|i[1]  ; freq_div:inst1|i[24]   ; clk        ; clk      ; None                        ; None                      ; 3.050 ns                ;
; N/A                                     ; 307.79 MHz ( period = 3.249 ns )                    ; freq_div:inst1|i[21] ; freq_div:inst1|i[3]    ; clk        ; clk      ; None                        ; None                      ; 3.041 ns                ;
; N/A                                     ; 310.37 MHz ( period = 3.222 ns )                    ; freq_div:inst1|i[0]  ; freq_div:inst1|i[23]   ; clk        ; clk      ; None                        ; None                      ; 3.003 ns                ;
; N/A                                     ; 311.24 MHz ( period = 3.213 ns )                    ; freq_div:inst1|i[22] ; freq_div:inst1|i[3]    ; clk        ; clk      ; None                        ; None                      ; 3.005 ns                ;
; N/A                                     ; 312.70 MHz ( period = 3.198 ns )                    ; freq_div:inst1|i[3]  ; freq_div:inst1|i[23]   ; clk        ; clk      ; None                        ; None                      ; 2.978 ns                ;
; N/A                                     ; 312.70 MHz ( period = 3.198 ns )                    ; freq_div:inst1|i[1]  ; freq_div:inst1|i[23]   ; clk        ; clk      ; None                        ; None                      ; 2.979 ns                ;
; N/A                                     ; 312.70 MHz ( period = 3.198 ns )                    ; freq_div:inst1|i[2]  ; freq_div:inst1|i[24]   ; clk        ; clk      ; None                        ; None                      ; 2.979 ns                ;
; N/A                                     ; 316.56 MHz ( period = 3.159 ns )                    ; freq_div:inst1|i[20] ; freq_div:inst1|clk_out ; clk        ; clk      ; None                        ; None                      ; 2.951 ns                ;
; N/A                                     ; 317.36 MHz ( period = 3.151 ns )                    ; freq_div:inst1|i[22] ; freq_div:inst1|i[0]    ; clk        ; clk      ; None                        ; None                      ; 2.942 ns                ;
; N/A                                     ; 317.36 MHz ( period = 3.151 ns )                    ; freq_div:inst1|i[0]  ; freq_div:inst1|i[22]   ; clk        ; clk      ; None                        ; None                      ; 2.932 ns                ;
; N/A                                     ; 317.36 MHz ( period = 3.151 ns )                    ; freq_div:inst1|i[22] ; freq_div:inst1|i[4]    ; clk        ; clk      ; None                        ; None                      ; 2.942 ns                ;
; N/A                                     ; 319.80 MHz ( period = 3.127 ns )                    ; freq_div:inst1|i[3]  ; freq_div:inst1|i[22]   ; clk        ; clk      ; None                        ; None                      ; 2.907 ns                ;
; N/A                                     ; 319.80 MHz ( period = 3.127 ns )                    ; freq_div:inst1|i[1]  ; freq_div:inst1|i[22]   ; clk        ; clk      ; None                        ; None                      ; 2.908 ns                ;
; N/A                                     ; 319.80 MHz ( period = 3.127 ns )                    ; freq_div:inst1|i[2]  ; freq_div:inst1|i[23]   ; clk        ; clk      ; None                        ; None                      ; 2.908 ns                ;
; N/A                                     ; 321.85 MHz ( period = 3.107 ns )                    ; freq_div:inst1|i[23] ; freq_div:inst1|i[3]    ; clk        ; clk      ; None                        ; None                      ; 2.899 ns                ;
; N/A                                     ; 324.68 MHz ( period = 3.080 ns )                    ; freq_div:inst1|i[0]  ; freq_div:inst1|i[21]   ; clk        ; clk      ; None                        ; None                      ; 2.861 ns                ;
; N/A                                     ; 327.23 MHz ( period = 3.056 ns )                    ; freq_div:inst1|i[2]  ; freq_div:inst1|i[22]   ; clk        ; clk      ; None                        ; None                      ; 2.837 ns                ;
; N/A                                     ; 327.23 MHz ( period = 3.056 ns )                    ; freq_div:inst1|i[3]  ; freq_div:inst1|i[21]   ; clk        ; clk      ; None                        ; None                      ; 2.836 ns                ;
; N/A                                     ; 327.23 MHz ( period = 3.056 ns )                    ; freq_div:inst1|i[1]  ; freq_div:inst1|i[21]   ; clk        ; clk      ; None                        ; None                      ; 2.837 ns                ;
; N/A                                     ; 327.55 MHz ( period = 3.053 ns )                    ; freq_div:inst1|i[21] ; freq_div:inst1|clk_out ; clk        ; clk      ; None                        ; None                      ; 2.845 ns                ;
; N/A                                     ; 332.34 MHz ( period = 3.009 ns )                    ; freq_div:inst1|i[0]  ; freq_div:inst1|i[20]   ; clk        ; clk      ; None                        ; None                      ; 2.790 ns                ;
; N/A                                     ; 335.01 MHz ( period = 2.985 ns )                    ; freq_div:inst1|i[2]  ; freq_div:inst1|i[21]   ; clk        ; clk      ; None                        ; None                      ; 2.766 ns                ;
; N/A                                     ; 335.01 MHz ( period = 2.985 ns )                    ; freq_div:inst1|i[3]  ; freq_div:inst1|i[20]   ; clk        ; clk      ; None                        ; None                      ; 2.765 ns                ;
; N/A                                     ; 335.01 MHz ( period = 2.985 ns )                    ; freq_div:inst1|i[1]  ; freq_div:inst1|i[20]   ; clk        ; clk      ; None                        ; None                      ; 2.766 ns                ;
; N/A                                     ; 340.83 MHz ( period = 2.934 ns )                    ; freq_div:inst1|i[4]  ; freq_div:inst1|i[24]   ; clk        ; clk      ; None                        ; None                      ; 2.715 ns                ;
; N/A                                     ; 343.17 MHz ( period = 2.914 ns )                    ; freq_div:inst1|i[2]  ; freq_div:inst1|i[20]   ; clk        ; clk      ; None                        ; None                      ; 2.695 ns                ;
; N/A                                     ; 348.80 MHz ( period = 2.867 ns )                    ; freq_div:inst1|i[22] ; freq_div:inst1|clk_out ; clk        ; clk      ; None                        ; None                      ; 2.659 ns                ;
; N/A                                     ; 349.28 MHz ( period = 2.863 ns )                    ; freq_div:inst1|i[4]  ; freq_div:inst1|i[23]   ; clk        ; clk      ; None                        ; None                      ; 2.644 ns                ;
; N/A                                     ; 349.90 MHz ( period = 2.858 ns )                    ; freq_div:inst1|i[5]  ; freq_div:inst1|i[24]   ; clk        ; clk      ; None                        ; None                      ; 2.639 ns                ;
; N/A                                     ; 350.88 MHz ( period = 2.850 ns )                    ; freq_div:inst1|i[0]  ; freq_div:inst1|i[19]   ; clk        ; clk      ; None                        ; None                      ; 2.631 ns                ;
; N/A                                     ; 353.86 MHz ( period = 2.826 ns )                    ; freq_div:inst1|i[3]  ; freq_div:inst1|i[19]   ; clk        ; clk      ; None                        ; None                      ; 2.606 ns                ;
; N/A                                     ; 353.86 MHz ( period = 2.826 ns )                    ; freq_div:inst1|i[1]  ; freq_div:inst1|i[19]   ; clk        ; clk      ; None                        ; None                      ; 2.607 ns                ;
; N/A                                     ; 354.36 MHz ( period = 2.822 ns )                    ; freq_div:inst1|i[6]  ; freq_div:inst1|i[24]   ; clk        ; clk      ; None                        ; None                      ; 2.603 ns                ;
; N/A                                     ; 357.14 MHz ( period = 2.800 ns )                    ; freq_div:inst1|i[23] ; freq_div:inst1|i[0]    ; clk        ; clk      ; None                        ; None                      ; 2.591 ns                ;
; N/A                                     ; 357.14 MHz ( period = 2.800 ns )                    ; freq_div:inst1|i[23] ; freq_div:inst1|i[4]    ; clk        ; clk      ; None                        ; None                      ; 2.591 ns                ;
; N/A                                     ; 358.17 MHz ( period = 2.792 ns )                    ; freq_div:inst1|i[4]  ; freq_div:inst1|i[22]   ; clk        ; clk      ; None                        ; None                      ; 2.573 ns                ;
; N/A                                     ; 358.81 MHz ( period = 2.787 ns )                    ; freq_div:inst1|i[5]  ; freq_div:inst1|i[23]   ; clk        ; clk      ; None                        ; None                      ; 2.568 ns                ;
; N/A                                     ; 359.84 MHz ( period = 2.779 ns )                    ; freq_div:inst1|i[0]  ; freq_div:inst1|i[18]   ; clk        ; clk      ; None                        ; None                      ; 2.560 ns                ;
; N/A                                     ; 362.19 MHz ( period = 2.761 ns )                    ; freq_div:inst1|i[23] ; freq_div:inst1|clk_out ; clk        ; clk      ; None                        ; None                      ; 2.553 ns                ;
; N/A                                     ; 362.84 MHz ( period = 2.756 ns )                    ; freq_div:inst1|i[24] ; freq_div:inst1|i[3]    ; clk        ; clk      ; None                        ; None                      ; 2.548 ns                ;
; N/A                                     ; 362.98 MHz ( period = 2.755 ns )                    ; freq_div:inst1|i[2]  ; freq_div:inst1|i[19]   ; clk        ; clk      ; None                        ; None                      ; 2.536 ns                ;
; N/A                                     ; 362.98 MHz ( period = 2.755 ns )                    ; freq_div:inst1|i[3]  ; freq_div:inst1|i[18]   ; clk        ; clk      ; None                        ; None                      ; 2.535 ns                ;
; N/A                                     ; 362.98 MHz ( period = 2.755 ns )                    ; freq_div:inst1|i[1]  ; freq_div:inst1|i[18]   ; clk        ; clk      ; None                        ; None                      ; 2.536 ns                ;
; N/A                                     ; 363.50 MHz ( period = 2.751 ns )                    ; freq_div:inst1|i[6]  ; freq_div:inst1|i[23]   ; clk        ; clk      ; None                        ; None                      ; 2.532 ns                ;
; N/A                                     ; 367.51 MHz ( period = 2.721 ns )                    ; freq_div:inst1|i[4]  ; freq_div:inst1|i[21]   ; clk        ; clk      ; None                        ; None                      ; 2.502 ns                ;
; N/A                                     ; 368.19 MHz ( period = 2.716 ns )                    ; freq_div:inst1|i[5]  ; freq_div:inst1|i[22]   ; clk        ; clk      ; None                        ; None                      ; 2.497 ns                ;
; N/A                                     ; 368.19 MHz ( period = 2.716 ns )                    ; freq_div:inst1|i[7]  ; freq_div:inst1|i[24]   ; clk        ; clk      ; None                        ; None                      ; 2.497 ns                ;
; N/A                                     ; 368.46 MHz ( period = 2.714 ns )                    ; freq_div:inst1|i[12] ; freq_div:inst1|i[24]   ; clk        ; clk      ; None                        ; None                      ; 2.500 ns                ;
; N/A                                     ; 368.87 MHz ( period = 2.711 ns )                    ; freq_div:inst1|i[10] ; freq_div:inst1|i[24]   ; clk        ; clk      ; None                        ; None                      ; 2.492 ns                ;
; N/A                                     ; 369.28 MHz ( period = 2.708 ns )                    ; freq_div:inst1|i[0]  ; freq_div:inst1|i[17]   ; clk        ; clk      ; None                        ; None                      ; 2.489 ns                ;
; N/A                                     ; 372.58 MHz ( period = 2.684 ns )                    ; freq_div:inst1|i[3]  ; freq_div:inst1|i[17]   ; clk        ; clk      ; None                        ; None                      ; 2.464 ns                ;
; N/A                                     ; 372.58 MHz ( period = 2.684 ns )                    ; freq_div:inst1|i[1]  ; freq_div:inst1|i[17]   ; clk        ; clk      ; None                        ; None                      ; 2.465 ns                ;
; N/A                                     ; 372.58 MHz ( period = 2.684 ns )                    ; freq_div:inst1|i[2]  ; freq_div:inst1|i[18]   ; clk        ; clk      ; None                        ; None                      ; 2.465 ns                ;
; N/A                                     ; 373.13 MHz ( period = 2.680 ns )                    ; freq_div:inst1|i[6]  ; freq_div:inst1|i[22]   ; clk        ; clk      ; None                        ; None                      ; 2.461 ns                ;
; N/A                                     ; 373.13 MHz ( period = 2.680 ns )                    ; freq_div:inst1|i[8]  ; freq_div:inst1|i[24]   ; clk        ; clk      ; None                        ; None                      ; 2.461 ns                ;
; N/A                                     ; 377.36 MHz ( period = 2.650 ns )                    ; freq_div:inst1|i[4]  ; freq_div:inst1|i[20]   ; clk        ; clk      ; None                        ; None                      ; 2.431 ns                ;
; N/A                                     ; 378.07 MHz ( period = 2.645 ns )                    ; freq_div:inst1|i[5]  ; freq_div:inst1|i[21]   ; clk        ; clk      ; None                        ; None                      ; 2.426 ns                ;
; N/A                                     ; 378.07 MHz ( period = 2.645 ns )                    ; freq_div:inst1|i[7]  ; freq_div:inst1|i[23]   ; clk        ; clk      ; None                        ; None                      ; 2.426 ns                ;
; N/A                                     ; 378.36 MHz ( period = 2.643 ns )                    ; freq_div:inst1|i[12] ; freq_div:inst1|i[23]   ; clk        ; clk      ; None                        ; None                      ; 2.429 ns                ;
; N/A                                     ; 378.79 MHz ( period = 2.640 ns )                    ; freq_div:inst1|i[10] ; freq_div:inst1|i[23]   ; clk        ; clk      ; None                        ; None                      ; 2.421 ns                ;
; N/A                                     ; 379.22 MHz ( period = 2.637 ns )                    ; freq_div:inst1|i[0]  ; freq_div:inst1|i[16]   ; clk        ; clk      ; None                        ; None                      ; 2.418 ns                ;
; N/A                                     ; 382.70 MHz ( period = 2.613 ns )                    ; freq_div:inst1|i[2]  ; freq_div:inst1|i[17]   ; clk        ; clk      ; None                        ; None                      ; 2.394 ns                ;
; N/A                                     ; 382.70 MHz ( period = 2.613 ns )                    ; freq_div:inst1|i[3]  ; freq_div:inst1|i[16]   ; clk        ; clk      ; None                        ; None                      ; 2.393 ns                ;
; N/A                                     ; 382.70 MHz ( period = 2.613 ns )                    ; freq_div:inst1|i[1]  ; freq_div:inst1|i[16]   ; clk        ; clk      ; None                        ; None                      ; 2.394 ns                ;
; N/A                                     ; 383.29 MHz ( period = 2.609 ns )                    ; freq_div:inst1|i[6]  ; freq_div:inst1|i[21]   ; clk        ; clk      ; None                        ; None                      ; 2.390 ns                ;
; N/A                                     ; 383.29 MHz ( period = 2.609 ns )                    ; freq_div:inst1|i[8]  ; freq_div:inst1|i[23]   ; clk        ; clk      ; None                        ; None                      ; 2.390 ns                ;
; N/A                                     ; 388.50 MHz ( period = 2.574 ns )                    ; freq_div:inst1|i[7]  ; freq_div:inst1|i[22]   ; clk        ; clk      ; None                        ; None                      ; 2.355 ns                ;
; N/A                                     ; 388.50 MHz ( period = 2.574 ns )                    ; freq_div:inst1|i[5]  ; freq_div:inst1|i[20]   ; clk        ; clk      ; None                        ; None                      ; 2.355 ns                ;
; N/A                                     ; 388.80 MHz ( period = 2.572 ns )                    ; freq_div:inst1|i[12] ; freq_div:inst1|i[22]   ; clk        ; clk      ; None                        ; None                      ; 2.358 ns                ;
; N/A                                     ; 389.11 MHz ( period = 2.570 ns )                    ; freq_div:inst1|i[9]  ; freq_div:inst1|i[24]   ; clk        ; clk      ; None                        ; None                      ; 2.351 ns                ;
; N/A                                     ; 389.26 MHz ( period = 2.569 ns )                    ; freq_div:inst1|i[10] ; freq_div:inst1|i[22]   ; clk        ; clk      ; None                        ; None                      ; 2.350 ns                ;
; N/A                                     ; 389.71 MHz ( period = 2.566 ns )                    ; freq_div:inst1|i[0]  ; freq_div:inst1|i[15]   ; clk        ; clk      ; None                        ; None                      ; 2.347 ns                ;
; N/A                                     ; 393.39 MHz ( period = 2.542 ns )                    ; freq_div:inst1|i[3]  ; freq_div:inst1|i[15]   ; clk        ; clk      ; None                        ; None                      ; 2.322 ns                ;
; N/A                                     ; 393.39 MHz ( period = 2.542 ns )                    ; freq_div:inst1|i[1]  ; freq_div:inst1|i[15]   ; clk        ; clk      ; None                        ; None                      ; 2.323 ns                ;
; N/A                                     ; 393.39 MHz ( period = 2.542 ns )                    ; freq_div:inst1|i[2]  ; freq_div:inst1|i[16]   ; clk        ; clk      ; None                        ; None                      ; 2.323 ns                ;
; N/A                                     ; 394.01 MHz ( period = 2.538 ns )                    ; freq_div:inst1|i[8]  ; freq_div:inst1|i[22]   ; clk        ; clk      ; None                        ; None                      ; 2.319 ns                ;
; N/A                                     ; 394.01 MHz ( period = 2.538 ns )                    ; freq_div:inst1|i[6]  ; freq_div:inst1|i[20]   ; clk        ; clk      ; None                        ; None                      ; 2.319 ns                ;
; N/A                                     ; 399.52 MHz ( period = 2.503 ns )                    ; freq_div:inst1|i[7]  ; freq_div:inst1|i[21]   ; clk        ; clk      ; None                        ; None                      ; 2.284 ns                ;
; N/A                                     ; 399.84 MHz ( period = 2.501 ns )                    ; freq_div:inst1|i[12] ; freq_div:inst1|i[21]   ; clk        ; clk      ; None                        ; None                      ; 2.287 ns                ;
; N/A                                     ; 400.16 MHz ( period = 2.499 ns )                    ; freq_div:inst1|i[9]  ; freq_div:inst1|i[23]   ; clk        ; clk      ; None                        ; None                      ; 2.280 ns                ;
; N/A                                     ; 400.32 MHz ( period = 2.498 ns )                    ; freq_div:inst1|i[10] ; freq_div:inst1|i[21]   ; clk        ; clk      ; None                        ; None                      ; 2.279 ns                ;
; N/A                                     ; 400.80 MHz ( period = 2.495 ns )                    ; freq_div:inst1|i[0]  ; freq_div:inst1|i[14]   ; clk        ; clk      ; None                        ; None                      ; 2.276 ns                ;
; N/A                                     ; 401.45 MHz ( period = 2.491 ns )                    ; freq_div:inst1|i[4]  ; freq_div:inst1|i[19]   ; clk        ; clk      ; None                        ; None                      ; 2.272 ns                ;
; N/A                                     ; 404.69 MHz ( period = 2.471 ns )                    ; freq_div:inst1|i[2]  ; freq_div:inst1|i[15]   ; clk        ; clk      ; None                        ; None                      ; 2.252 ns                ;
; N/A                                     ; 404.69 MHz ( period = 2.471 ns )                    ; freq_div:inst1|i[3]  ; freq_div:inst1|i[14]   ; clk        ; clk      ; None                        ; None                      ; 2.251 ns                ;
; N/A                                     ; 404.69 MHz ( period = 2.471 ns )                    ; freq_div:inst1|i[1]  ; freq_div:inst1|i[14]   ; clk        ; clk      ; None                        ; None                      ; 2.252 ns                ;
; N/A                                     ; 405.35 MHz ( period = 2.467 ns )                    ; freq_div:inst1|i[8]  ; freq_div:inst1|i[21]   ; clk        ; clk      ; None                        ; None                      ; 2.248 ns                ;
; N/A                                     ; 408.33 MHz ( period = 2.449 ns )                    ; freq_div:inst1|i[24] ; freq_div:inst1|i[0]    ; clk        ; clk      ; None                        ; None                      ; 2.240 ns                ;
; N/A                                     ; 408.33 MHz ( period = 2.449 ns )                    ; freq_div:inst1|i[24] ; freq_div:inst1|i[4]    ; clk        ; clk      ; None                        ; None                      ; 2.240 ns                ;
; N/A                                     ; 409.00 MHz ( period = 2.445 ns )                    ; freq_div:inst1|i[11] ; freq_div:inst1|i[24]   ; clk        ; clk      ; None                        ; None                      ; 2.226 ns                ;
; N/A                                     ; 411.18 MHz ( period = 2.432 ns )                    ; freq_div:inst1|i[7]  ; freq_div:inst1|i[20]   ; clk        ; clk      ; None                        ; None                      ; 2.213 ns                ;
; N/A                                     ; 411.52 MHz ( period = 2.430 ns )                    ; freq_div:inst1|i[12] ; freq_div:inst1|i[20]   ; clk        ; clk      ; None                        ; None                      ; 2.216 ns                ;
; N/A                                     ; 411.86 MHz ( period = 2.428 ns )                    ; freq_div:inst1|i[9]  ; freq_div:inst1|i[22]   ; clk        ; clk      ; None                        ; None                      ; 2.209 ns                ;
; N/A                                     ; 412.03 MHz ( period = 2.427 ns )                    ; freq_div:inst1|i[10] ; freq_div:inst1|i[20]   ; clk        ; clk      ; None                        ; None                      ; 2.208 ns                ;
; N/A                                     ; 412.54 MHz ( period = 2.424 ns )                    ; freq_div:inst1|i[0]  ; freq_div:inst1|i[13]   ; clk        ; clk      ; None                        ; None                      ; 2.205 ns                ;
; N/A                                     ; 413.22 MHz ( period = 2.420 ns )                    ; freq_div:inst1|i[4]  ; freq_div:inst1|i[18]   ; clk        ; clk      ; None                        ; None                      ; 2.201 ns                ;
; N/A                                     ; 414.08 MHz ( period = 2.415 ns )                    ; freq_div:inst1|i[5]  ; freq_div:inst1|i[19]   ; clk        ; clk      ; None                        ; None                      ; 2.196 ns                ;
; N/A                                     ; 414.94 MHz ( period = 2.410 ns )                    ; freq_div:inst1|i[24] ; freq_div:inst1|clk_out ; clk        ; clk      ; None                        ; None                      ; 2.202 ns                ;
; N/A                                     ; 416.67 MHz ( period = 2.400 ns )                    ; freq_div:inst1|i[2]  ; freq_div:inst1|i[14]   ; clk        ; clk      ; None                        ; None                      ; 2.181 ns                ;
; N/A                                     ; 416.67 MHz ( period = 2.400 ns )                    ; freq_div:inst1|i[3]  ; freq_div:inst1|i[13]   ; clk        ; clk      ; None                        ; None                      ; 2.180 ns                ;
; N/A                                     ; 416.67 MHz ( period = 2.400 ns )                    ; freq_div:inst1|i[1]  ; freq_div:inst1|i[13]   ; clk        ; clk      ; None                        ; None                      ; 2.181 ns                ;
; N/A                                     ; 417.36 MHz ( period = 2.396 ns )                    ; freq_div:inst1|i[8]  ; freq_div:inst1|i[20]   ; clk        ; clk      ; None                        ; None                      ; 2.177 ns                ;
; N/A                                     ; Restricted to 420.17 MHz ( period = 2.380 ns )      ; freq_div:inst1|i[6]  ; freq_div:inst1|i[19]   ; clk        ; clk      ; None                        ; None                      ; 2.160 ns                ;
; N/A                                     ; Restricted to 420.17 MHz ( period = 2.380 ns )      ; freq_div:inst1|i[11] ; freq_div:inst1|i[23]   ; clk        ; clk      ; None                        ; None                      ; 2.155 ns                ;
; N/A                                     ; Restricted to 420.17 MHz ( period = 2.380 ns )      ; freq_div:inst1|i[9]  ; freq_div:inst1|i[21]   ; clk        ; clk      ; None                        ; None                      ; 2.138 ns                ;
; N/A                                     ; Restricted to 420.17 MHz ( period = 2.380 ns )      ; freq_div:inst1|i[0]  ; freq_div:inst1|i[12]   ; clk        ; clk      ; None                        ; None                      ; 2.134 ns                ;
; N/A                                     ; Restricted to 420.17 MHz ( period = 2.380 ns )      ; freq_div:inst1|i[4]  ; freq_div:inst1|i[17]   ; clk        ; clk      ; None                        ; None                      ; 2.130 ns                ;
; N/A                                     ; Restricted to 420.17 MHz ( period = 2.380 ns )      ; freq_div:inst1|i[5]  ; freq_div:inst1|i[18]   ; clk        ; clk      ; None                        ; None                      ; 2.125 ns                ;
; N/A                                     ; Restricted to 420.17 MHz ( period = 2.380 ns )      ; freq_div:inst1|i[2]  ; freq_div:inst1|i[13]   ; clk        ; clk      ; None                        ; None                      ; 2.110 ns                ;
; N/A                                     ; Restricted to 420.17 MHz ( period = 2.380 ns )      ; freq_div:inst1|i[3]  ; freq_div:inst1|i[12]   ; clk        ; clk      ; None                        ; None                      ; 2.109 ns                ;
; N/A                                     ; Restricted to 420.17 MHz ( period = 2.380 ns )      ; freq_div:inst1|i[1]  ; freq_div:inst1|i[12]   ; clk        ; clk      ; None                        ; None                      ; 2.110 ns                ;
; N/A                                     ; Restricted to 420.17 MHz ( period = 2.380 ns )      ; freq_div:inst1|i[14] ; freq_div:inst1|i[24]   ; clk        ; clk      ; None                        ; None                      ; 2.097 ns                ;
; N/A                                     ; Restricted to 420.17 MHz ( period = 2.380 ns )      ; freq_div:inst1|i[6]  ; freq_div:inst1|i[18]   ; clk        ; clk      ; None                        ; None                      ; 2.089 ns                ;
; Timing analysis restricted to 200 rows. ; To change the limit use Settings (Assignments menu) ;                      ;                        ;            ;          ;                             ;                           ;                         ;
+-----------------------------------------+-----------------------------------------------------+----------------------+------------------------+------------+----------+-----------------------------+---------------------------+-------------------------+


+---------------------------------------------------------------------------------------------------------------------------------------------------------------------------------------------------------------------+
; Clock Setup: 'clk_l'                                                                                                                                                                                                ;
+-------+------------------------------------------------+----------------------+-------------------------+------------+----------+-----------------------------+---------------------------+-------------------------+
; Slack ; Actual fmax (period)                           ; From                 ; To                      ; From Clock ; To Clock ; Required Setup Relationship ; Required Longest P2P Time ; Actual Longest P2P Time ;
+-------+------------------------------------------------+----------------------+-------------------------+------------+----------+-----------------------------+---------------------------+-------------------------+
; N/A   ; 392.62 MHz ( period = 2.547 ns )               ; green_leds:inst|i[2] ; green_leds:inst|leds[6] ; clk_l      ; clk_l    ; None                        ; None                      ; 2.333 ns                ;
; N/A   ; 392.77 MHz ( period = 2.546 ns )               ; green_leds:inst|i[2] ; green_leds:inst|leds[8] ; clk_l      ; clk_l    ; None                        ; None                      ; 2.332 ns                ;
; N/A   ; 393.08 MHz ( period = 2.544 ns )               ; green_leds:inst|i[2] ; green_leds:inst|leds[0] ; clk_l      ; clk_l    ; None                        ; None                      ; 2.330 ns                ;
; N/A   ; 393.24 MHz ( period = 2.543 ns )               ; green_leds:inst|i[2] ; green_leds:inst|leds[4] ; clk_l      ; clk_l    ; None                        ; None                      ; 2.329 ns                ;
; N/A   ; 393.55 MHz ( period = 2.541 ns )               ; green_leds:inst|i[2] ; green_leds:inst|leds[2] ; clk_l      ; clk_l    ; None                        ; None                      ; 2.327 ns                ;
; N/A   ; 410.85 MHz ( period = 2.434 ns )               ; green_leds:inst|i[3] ; green_leds:inst|leds[6] ; clk_l      ; clk_l    ; None                        ; None                      ; 2.220 ns                ;
; N/A   ; 411.02 MHz ( period = 2.433 ns )               ; green_leds:inst|i[3] ; green_leds:inst|leds[8] ; clk_l      ; clk_l    ; None                        ; None                      ; 2.219 ns                ;
; N/A   ; 411.35 MHz ( period = 2.431 ns )               ; green_leds:inst|i[3] ; green_leds:inst|leds[0] ; clk_l      ; clk_l    ; None                        ; None                      ; 2.217 ns                ;
; N/A   ; 411.52 MHz ( period = 2.430 ns )               ; green_leds:inst|i[3] ; green_leds:inst|leds[4] ; clk_l      ; clk_l    ; None                        ; None                      ; 2.216 ns                ;
; N/A   ; 411.86 MHz ( period = 2.428 ns )               ; green_leds:inst|i[3] ; green_leds:inst|leds[2] ; clk_l      ; clk_l    ; None                        ; None                      ; 2.214 ns                ;
; N/A   ; 413.56 MHz ( period = 2.418 ns )               ; green_leds:inst|flag ; green_leds:inst|leds[4] ; clk_l      ; clk_l    ; None                        ; None                      ; 2.204 ns                ;
; N/A   ; 414.59 MHz ( period = 2.412 ns )               ; green_leds:inst|i[2] ; green_leds:inst|leds[3] ; clk_l      ; clk_l    ; None                        ; None                      ; 2.198 ns                ;
; N/A   ; 414.77 MHz ( period = 2.411 ns )               ; green_leds:inst|flag ; green_leds:inst|leds[6] ; clk_l      ; clk_l    ; None                        ; None                      ; 2.197 ns                ;
; N/A   ; 414.77 MHz ( period = 2.411 ns )               ; green_leds:inst|i[2] ; green_leds:inst|leds[5] ; clk_l      ; clk_l    ; None                        ; None                      ; 2.197 ns                ;
; N/A   ; 414.94 MHz ( period = 2.410 ns )               ; green_leds:inst|i[2] ; green_leds:inst|leds[7] ; clk_l      ; clk_l    ; None                        ; None                      ; 2.196 ns                ;
; N/A   ; 415.11 MHz ( period = 2.409 ns )               ; green_leds:inst|i[2] ; green_leds:inst|leds[1] ; clk_l      ; clk_l    ; None                        ; None                      ; 2.195 ns                ;
; N/A   ; 416.15 MHz ( period = 2.403 ns )               ; green_leds:inst|i[0] ; green_leds:inst|leds[4] ; clk_l      ; clk_l    ; None                        ; None                      ; 2.189 ns                ;
; N/A   ; 417.36 MHz ( period = 2.396 ns )               ; green_leds:inst|i[0] ; green_leds:inst|leds[6] ; clk_l      ; clk_l    ; None                        ; None                      ; 2.182 ns                ;
; N/A   ; Restricted to 420.17 MHz ( period = 2.380 ns ) ; green_leds:inst|flag ; green_leds:inst|leds[0] ; clk_l      ; clk_l    ; None                        ; None                      ; 2.161 ns                ;
; N/A   ; Restricted to 420.17 MHz ( period = 2.380 ns ) ; green_leds:inst|flag ; green_leds:inst|leds[2] ; clk_l      ; clk_l    ; None                        ; None                      ; 2.159 ns                ;
; N/A   ; Restricted to 420.17 MHz ( period = 2.380 ns ) ; green_leds:inst|flag ; green_leds:inst|leds[8] ; clk_l      ; clk_l    ; None                        ; None                      ; 2.154 ns                ;
; N/A   ; Restricted to 420.17 MHz ( period = 2.380 ns ) ; green_leds:inst|i[0] ; green_leds:inst|leds[8] ; clk_l      ; clk_l    ; None                        ; None                      ; 2.154 ns                ;
; N/A   ; Restricted to 420.17 MHz ( period = 2.380 ns ) ; green_leds:inst|i[0] ; green_leds:inst|leds[0] ; clk_l      ; clk_l    ; None                        ; None                      ; 2.152 ns                ;
; N/A   ; Restricted to 420.17 MHz ( period = 2.380 ns ) ; green_leds:inst|i[0] ; green_leds:inst|leds[2] ; clk_l      ; clk_l    ; None                        ; None                      ; 2.149 ns                ;
; N/A   ; Restricted to 420.17 MHz ( period = 2.380 ns ) ; green_leds:inst|i[3] ; green_leds:inst|leds[3] ; clk_l      ; clk_l    ; None                        ; None                      ; 2.085 ns                ;
; N/A   ; Restricted to 420.17 MHz ( period = 2.380 ns ) ; green_leds:inst|i[3] ; green_leds:inst|leds[5] ; clk_l      ; clk_l    ; None                        ; None                      ; 2.084 ns                ;
; N/A   ; Restricted to 420.17 MHz ( period = 2.380 ns ) ; green_leds:inst|i[3] ; green_leds:inst|leds[7] ; clk_l      ; clk_l    ; None                        ; None                      ; 2.083 ns                ;
; N/A   ; Restricted to 420.17 MHz ( period = 2.380 ns ) ; green_leds:inst|i[3] ; green_leds:inst|leds[1] ; clk_l      ; clk_l    ; None                        ; None                      ; 2.082 ns                ;
; N/A   ; Restricted to 420.17 MHz ( period = 2.380 ns ) ; green_leds:inst|i[0] ; green_leds:inst|leds[3] ; clk_l      ; clk_l    ; None                        ; None                      ; 2.020 ns                ;
; N/A   ; Restricted to 420.17 MHz ( period = 2.380 ns ) ; green_leds:inst|i[0] ; green_leds:inst|leds[5] ; clk_l      ; clk_l    ; None                        ; None                      ; 2.019 ns                ;
; N/A   ; Restricted to 420.17 MHz ( period = 2.380 ns ) ; green_leds:inst|i[0] ; green_leds:inst|leds[7] ; clk_l      ; clk_l    ; None                        ; None                      ; 2.018 ns                ;
; N/A   ; Restricted to 420.17 MHz ( period = 2.380 ns ) ; green_leds:inst|i[0] ; green_leds:inst|leds[1] ; clk_l      ; clk_l    ; None                        ; None                      ; 2.017 ns                ;
; N/A   ; Restricted to 420.17 MHz ( period = 2.380 ns ) ; green_leds:inst|flag ; green_leds:inst|leds[7] ; clk_l      ; clk_l    ; None                        ; None                      ; 2.010 ns                ;
; N/A   ; Restricted to 420.17 MHz ( period = 2.380 ns ) ; green_leds:inst|flag ; green_leds:inst|leds[5] ; clk_l      ; clk_l    ; None                        ; None                      ; 2.007 ns                ;
; N/A   ; Restricted to 420.17 MHz ( period = 2.380 ns ) ; green_leds:inst|flag ; green_leds:inst|leds[3] ; clk_l      ; clk_l    ; None                        ; None                      ; 1.992 ns                ;
; N/A   ; Restricted to 420.17 MHz ( period = 2.380 ns ) ; green_leds:inst|flag ; green_leds:inst|leds[1] ; clk_l      ; clk_l    ; None                        ; None                      ; 1.970 ns                ;
; N/A   ; Restricted to 420.17 MHz ( period = 2.380 ns ) ; green_leds:inst|i[1] ; green_leds:inst|leds[4] ; clk_l      ; clk_l    ; None                        ; None                      ; 1.910 ns                ;
; N/A   ; Restricted to 420.17 MHz ( period = 2.380 ns ) ; green_leds:inst|i[1] ; green_leds:inst|leds[6] ; clk_l      ; clk_l    ; None                        ; None                      ; 1.906 ns                ;
; N/A   ; Restricted to 420.17 MHz ( period = 2.380 ns ) ; green_leds:inst|i[1] ; green_leds:inst|leds[8] ; clk_l      ; clk_l    ; None                        ; None                      ; 1.905 ns                ;
; N/A   ; Restricted to 420.17 MHz ( period = 2.380 ns ) ; green_leds:inst|i[1] ; green_leds:inst|leds[0] ; clk_l      ; clk_l    ; None                        ; None                      ; 1.903 ns                ;
; N/A   ; Restricted to 420.17 MHz ( period = 2.380 ns ) ; green_leds:inst|i[1] ; green_leds:inst|leds[2] ; clk_l      ; clk_l    ; None                        ; None                      ; 1.900 ns                ;
; N/A   ; Restricted to 420.17 MHz ( period = 2.380 ns ) ; green_leds:inst|i[2] ; green_leds:inst|flag    ; clk_l      ; clk_l    ; None                        ; None                      ; 1.882 ns                ;
; N/A   ; Restricted to 420.17 MHz ( period = 2.380 ns ) ; green_leds:inst|i[1] ; green_leds:inst|flag    ; clk_l      ; clk_l    ; None                        ; None                      ; 1.839 ns                ;
; N/A   ; Restricted to 420.17 MHz ( period = 2.380 ns ) ; green_leds:inst|i[1] ; green_leds:inst|leds[3] ; clk_l      ; clk_l    ; None                        ; None                      ; 1.771 ns                ;
; N/A   ; Restricted to 420.17 MHz ( period = 2.380 ns ) ; green_leds:inst|i[1] ; green_leds:inst|leds[5] ; clk_l      ; clk_l    ; None                        ; None                      ; 1.770 ns                ;
; N/A   ; Restricted to 420.17 MHz ( period = 2.380 ns ) ; green_leds:inst|i[3] ; green_leds:inst|flag    ; clk_l      ; clk_l    ; None                        ; None                      ; 1.769 ns                ;
; N/A   ; Restricted to 420.17 MHz ( period = 2.380 ns ) ; green_leds:inst|i[1] ; green_leds:inst|leds[7] ; clk_l      ; clk_l    ; None                        ; None                      ; 1.769 ns                ;
; N/A   ; Restricted to 420.17 MHz ( period = 2.380 ns ) ; green_leds:inst|i[1] ; green_leds:inst|leds[1] ; clk_l      ; clk_l    ; None                        ; None                      ; 1.768 ns                ;
; N/A   ; Restricted to 420.17 MHz ( period = 2.380 ns ) ; green_leds:inst|i[0] ; green_leds:inst|flag    ; clk_l      ; clk_l    ; None                        ; None                      ; 1.704 ns                ;
; N/A   ; Restricted to 420.17 MHz ( period = 2.380 ns ) ; green_leds:inst|i[2] ; green_leds:inst|i[3]    ; clk_l      ; clk_l    ; None                        ; None                      ; 1.431 ns                ;
; N/A   ; Restricted to 420.17 MHz ( period = 2.380 ns ) ; green_leds:inst|i[2] ; green_leds:inst|i[0]    ; clk_l      ; clk_l    ; None                        ; None                      ; 1.397 ns                ;
; N/A   ; Restricted to 420.17 MHz ( period = 2.380 ns ) ; green_leds:inst|i[3] ; green_leds:inst|i[0]    ; clk_l      ; clk_l    ; None                        ; None                      ; 1.284 ns                ;
; N/A   ; Restricted to 420.17 MHz ( period = 2.380 ns ) ; green_leds:inst|i[0] ; green_leds:inst|i[3]    ; clk_l      ; clk_l    ; None                        ; None                      ; 1.242 ns                ;
; N/A   ; Restricted to 420.17 MHz ( period = 2.380 ns ) ; green_leds:inst|i[0] ; green_leds:inst|i[0]    ; clk_l      ; clk_l    ; None                        ; None                      ; 1.219 ns                ;
; N/A   ; Restricted to 420.17 MHz ( period = 2.380 ns ) ; green_leds:inst|flag ; green_leds:inst|i[3]    ; clk_l      ; clk_l    ; None                        ; None                      ; 1.114 ns                ;
; N/A   ; Restricted to 420.17 MHz ( period = 2.380 ns ) ; green_leds:inst|i[1] ; green_leds:inst|i[3]    ; clk_l      ; clk_l    ; None                        ; None                      ; 0.994 ns                ;
; N/A   ; Restricted to 420.17 MHz ( period = 2.380 ns ) ; green_leds:inst|i[1] ; green_leds:inst|i[0]    ; clk_l      ; clk_l    ; None                        ; None                      ; 0.970 ns                ;
; N/A   ; Restricted to 420.17 MHz ( period = 2.380 ns ) ; green_leds:inst|flag ; green_leds:inst|i[2]    ; clk_l      ; clk_l    ; None                        ; None                      ; 0.866 ns                ;
; N/A   ; Restricted to 420.17 MHz ( period = 2.380 ns ) ; green_leds:inst|flag ; green_leds:inst|i[1]    ; clk_l      ; clk_l    ; None                        ; None                      ; 0.863 ns                ;
; N/A   ; Restricted to 420.17 MHz ( period = 2.380 ns ) ; green_leds:inst|flag ; green_leds:inst|i[0]    ; clk_l      ; clk_l    ; None                        ; None                      ; 0.862 ns                ;
; N/A   ; Restricted to 420.17 MHz ( period = 2.380 ns ) ; green_leds:inst|i[0] ; green_leds:inst|i[2]    ; clk_l      ; clk_l    ; None                        ; None                      ; 0.851 ns                ;
; N/A   ; Restricted to 420.17 MHz ( period = 2.380 ns ) ; green_leds:inst|i[1] ; green_leds:inst|i[2]    ; clk_l      ; clk_l    ; None                        ; None                      ; 0.572 ns                ;
; N/A   ; Restricted to 420.17 MHz ( period = 2.380 ns ) ; green_leds:inst|i[0] ; green_leds:inst|i[1]    ; clk_l      ; clk_l    ; None                        ; None                      ; 0.571 ns                ;
; N/A   ; Restricted to 420.17 MHz ( period = 2.380 ns ) ; green_leds:inst|flag ; green_leds:inst|flag    ; clk_l      ; clk_l    ; None                        ; None                      ; 0.407 ns                ;
; N/A   ; Restricted to 420.17 MHz ( period = 2.380 ns ) ; green_leds:inst|i[2] ; green_leds:inst|i[2]    ; clk_l      ; clk_l    ; None                        ; None                      ; 0.407 ns                ;
; N/A   ; Restricted to 420.17 MHz ( period = 2.380 ns ) ; green_leds:inst|i[1] ; green_leds:inst|i[1]    ; clk_l      ; clk_l    ; None                        ; None                      ; 0.407 ns                ;
; N/A   ; Restricted to 420.17 MHz ( period = 2.380 ns ) ; green_leds:inst|i[3] ; green_leds:inst|i[3]    ; clk_l      ; clk_l    ; None                        ; None                      ; 0.407 ns                ;
+-------+------------------------------------------------+----------------------+-------------------------+------------+----------+-----------------------------+---------------------------+-------------------------+


+------------------------------------------------------------------------------------+
; tco                                                                                ;
+-------+--------------+------------+-------------------------+---------+------------+
; Slack ; Required tco ; Actual tco ; From                    ; To      ; From Clock ;
+-------+--------------+------------+-------------------------+---------+------------+
; N/A   ; None         ; 9.409 ns   ; green_leds:inst|leds[2] ; leds[2] ; clk_l      ;
; N/A   ; None         ; 8.712 ns   ; green_leds:inst|leds[6] ; leds[6] ; clk_l      ;
; N/A   ; None         ; 8.484 ns   ; green_leds:inst|leds[5] ; leds[5] ; clk_l      ;
; N/A   ; None         ; 8.430 ns   ; green_leds:inst|leds[4] ; leds[4] ; clk_l      ;
; N/A   ; None         ; 8.387 ns   ; green_leds:inst|leds[3] ; leds[3] ; clk_l      ;
; N/A   ; None         ; 7.934 ns   ; green_leds:inst|leds[1] ; leds[1] ; clk_l      ;
; N/A   ; None         ; 7.884 ns   ; green_leds:inst|leds[7] ; leds[7] ; clk_l      ;
; N/A   ; None         ; 7.566 ns   ; green_leds:inst|leds[0] ; leds[0] ; clk_l      ;
; N/A   ; None         ; 7.444 ns   ; green_leds:inst|leds[8] ; leds[8] ; clk_l      ;
; N/A   ; None         ; 6.416 ns   ; freq_div:inst1|clk_out  ; out_clk ; clk        ;
+-------+--------------+------------+-------------------------+---------+------------+


+--------------------------+
; Timing Analyzer Messages ;
+--------------------------+
Info: *******************************************************************
Info: Running Quartus II Classic Timing Analyzer
    Info: Version 9.1 Build 350 03/24/2010 Service Pack 2 SJ Web Edition
    Info: Processing started: Tue Dec 03 23:38:17 2013
Info: Command: quartus_tan --read_settings_files=off --write_settings_files=off ledy -c ledy --timing_analysis_only
Warning: Found pins functioning as undefined clocks and/or memory enables
    Info: Assuming node "clk" is an undefined clock
    Info: Assuming node "clk_l" is an undefined clock
Info: Clock "clk" has Internal fmax of 194.97 MHz between source register "freq_div:inst1|i[0]" and destination register "freq_div:inst1|i[3]" (period= 5.129 ns)
    Info: + Longest register to register delay is 4.916 ns
        Info: 1: + IC(0.000 ns) + CELL(0.000 ns) = 0.000 ns; Loc. = LCFF_X57_Y14_N1; Fanout = 2; REG Node = 'freq_div:inst1|i[0]'
        Info: 2: + IC(0.303 ns) + CELL(0.393 ns) = 0.696 ns; Loc. = LCCOMB_X57_Y14_N8; Fanout = 2; COMB Node = 'freq_div:inst1|Add0~1'
        Info: 3: + IC(0.000 ns) + CELL(0.071 ns) = 0.767 ns; Loc. = LCCOMB_X57_Y14_N10; Fanout = 2; COMB Node = 'freq_div:inst1|Add0~3'
        Info: 4: + IC(0.000 ns) + CELL(0.071 ns) = 0.838 ns; Loc. = LCCOMB_X57_Y14_N12; Fanout = 2; COMB Node = 'freq_div:inst1|Add0~5'
        Info: 5: + IC(0.000 ns) + CELL(0.159 ns) = 0.997 ns; Loc. = LCCOMB_X57_Y14_N14; Fanout = 2; COMB Node = 'freq_div:inst1|Add0~7'
        Info: 6: + IC(0.000 ns) + CELL(0.071 ns) = 1.068 ns; Loc. = LCCOMB_X57_Y14_N16; Fanout = 2; COMB Node = 'freq_div:inst1|Add0~9'
        Info: 7: + IC(0.000 ns) + CELL(0.071 ns) = 1.139 ns; Loc. = LCCOMB_X57_Y14_N18; Fanout = 2; COMB Node = 'freq_div:inst1|Add0~11'
        Info: 8: + IC(0.000 ns) + CELL(0.071 ns) = 1.210 ns; Loc. = LCCOMB_X57_Y14_N20; Fanout = 2; COMB Node = 'freq_div:inst1|Add0~13'
        Info: 9: + IC(0.000 ns) + CELL(0.071 ns) = 1.281 ns; Loc. = LCCOMB_X57_Y14_N22; Fanout = 2; COMB Node = 'freq_div:inst1|Add0~15'
        Info: 10: + IC(0.000 ns) + CELL(0.071 ns) = 1.352 ns; Loc. = LCCOMB_X57_Y14_N24; Fanout = 2; COMB Node = 'freq_div:inst1|Add0~17'
        Info: 11: + IC(0.000 ns) + CELL(0.071 ns) = 1.423 ns; Loc. = LCCOMB_X57_Y14_N26; Fanout = 2; COMB Node = 'freq_div:inst1|Add0~19'
        Info: 12: + IC(0.000 ns) + CELL(0.071 ns) = 1.494 ns; Loc. = LCCOMB_X57_Y14_N28; Fanout = 2; COMB Node = 'freq_div:inst1|Add0~21'
        Info: 13: + IC(0.000 ns) + CELL(0.146 ns) = 1.640 ns; Loc. = LCCOMB_X57_Y14_N30; Fanout = 2; COMB Node = 'freq_div:inst1|Add0~23'
        Info: 14: + IC(0.000 ns) + CELL(0.071 ns) = 1.711 ns; Loc. = LCCOMB_X57_Y13_N0; Fanout = 2; COMB Node = 'freq_div:inst1|Add0~25'
        Info: 15: + IC(0.000 ns) + CELL(0.071 ns) = 1.782 ns; Loc. = LCCOMB_X57_Y13_N2; Fanout = 2; COMB Node = 'freq_div:inst1|Add0~27'
        Info: 16: + IC(0.000 ns) + CELL(0.071 ns) = 1.853 ns; Loc. = LCCOMB_X57_Y13_N4; Fanout = 2; COMB Node = 'freq_div:inst1|Add0~29'
        Info: 17: + IC(0.000 ns) + CELL(0.071 ns) = 1.924 ns; Loc. = LCCOMB_X57_Y13_N6; Fanout = 2; COMB Node = 'freq_div:inst1|Add0~31'
        Info: 18: + IC(0.000 ns) + CELL(0.071 ns) = 1.995 ns; Loc. = LCCOMB_X57_Y13_N8; Fanout = 2; COMB Node = 'freq_div:inst1|Add0~33'
        Info: 19: + IC(0.000 ns) + CELL(0.410 ns) = 2.405 ns; Loc. = LCCOMB_X57_Y13_N10; Fanout = 2; COMB Node = 'freq_div:inst1|Add0~34'
        Info: 20: + IC(0.724 ns) + CELL(0.398 ns) = 3.527 ns; Loc. = LCCOMB_X57_Y14_N4; Fanout = 2; COMB Node = 'freq_div:inst1|Equal0~5'
        Info: 21: + IC(0.436 ns) + CELL(0.150 ns) = 4.113 ns; Loc. = LCCOMB_X57_Y14_N6; Fanout = 3; COMB Node = 'freq_div:inst1|i~0'
        Info: 22: + IC(0.444 ns) + CELL(0.275 ns) = 4.832 ns; Loc. = LCCOMB_X58_Y14_N18; Fanout = 1; COMB Node = 'freq_div:inst1|i~2'
        Info: 23: + IC(0.000 ns) + CELL(0.084 ns) = 4.916 ns; Loc. = LCFF_X58_Y14_N19; Fanout = 2; REG Node = 'freq_div:inst1|i[3]'
        Info: Total cell delay = 3.009 ns ( 61.21 % )
        Info: Total interconnect delay = 1.907 ns ( 38.79 % )
    Info: - Smallest clock skew is 0.001 ns
        Info: + Shortest clock path from clock "clk" to destination register is 2.677 ns
            Info: 1: + IC(0.000 ns) + CELL(0.999 ns) = 0.999 ns; Loc. = PIN_N2; Fanout = 1; CLK Node = 'clk'
            Info: 2: + IC(0.118 ns) + CELL(0.000 ns) = 1.117 ns; Loc. = CLKCTRL_G2; Fanout = 26; COMB Node = 'clk~clkctrl'
            Info: 3: + IC(1.023 ns) + CELL(0.537 ns) = 2.677 ns; Loc. = LCFF_X58_Y14_N19; Fanout = 2; REG Node = 'freq_div:inst1|i[3]'
            Info: Total cell delay = 1.536 ns ( 57.38 % )
            Info: Total interconnect delay = 1.141 ns ( 42.62 % )
        Info: - Longest clock path from clock "clk" to source register is 2.676 ns
            Info: 1: + IC(0.000 ns) + CELL(0.999 ns) = 0.999 ns; Loc. = PIN_N2; Fanout = 1; CLK Node = 'clk'
            Info: 2: + IC(0.118 ns) + CELL(0.000 ns) = 1.117 ns; Loc. = CLKCTRL_G2; Fanout = 26; COMB Node = 'clk~clkctrl'
            Info: 3: + IC(1.022 ns) + CELL(0.537 ns) = 2.676 ns; Loc. = LCFF_X57_Y14_N1; Fanout = 2; REG Node = 'freq_div:inst1|i[0]'
            Info: Total cell delay = 1.536 ns ( 57.40 % )
            Info: Total interconnect delay = 1.140 ns ( 42.60 % )
    Info: + Micro clock to output delay of source is 0.250 ns
    Info: + Micro setup delay of destination is -0.036 ns
Info: Clock "clk_l" has Internal fmax of 392.62 MHz between source register "green_leds:inst|i[2]" and destination register "green_leds:inst|leds[6]" (period= 2.547 ns)
    Info: + Longest register to register delay is 2.333 ns
        Info: 1: + IC(0.000 ns) + CELL(0.000 ns) = 0.000 ns; Loc. = LCFF_X37_Y12_N1; Fanout = 4; REG Node = 'green_leds:inst|i[2]'
        Info: 2: + IC(0.517 ns) + CELL(0.398 ns) = 0.915 ns; Loc. = LCCOMB_X37_Y12_N2; Fanout = 2; COMB Node = 'green_leds:inst|i~0'
        Info: 3: + IC(0.248 ns) + CELL(0.150 ns) = 1.313 ns; Loc. = LCCOMB_X37_Y12_N26; Fanout = 10; COMB Node = 'green_leds:inst|i~1'
        Info: 4: + IC(0.538 ns) + CELL(0.398 ns) = 2.249 ns; Loc. = LCCOMB_X37_Y12_N4; Fanout = 1; COMB Node = 'green_leds:inst|Decoder0~2'
        Info: 5: + IC(0.000 ns) + CELL(0.084 ns) = 2.333 ns; Loc. = LCFF_X37_Y12_N5; Fanout = 1; REG Node = 'green_leds:inst|leds[6]'
        Info: Total cell delay = 1.030 ns ( 44.15 % )
        Info: Total interconnect delay = 1.303 ns ( 55.85 % )
    Info: - Smallest clock skew is 0.000 ns
        Info: + Shortest clock path from clock "clk_l" to destination register is 2.656 ns
            Info: 1: + IC(0.000 ns) + CELL(0.999 ns) = 0.999 ns; Loc. = PIN_N1; Fanout = 1; CLK Node = 'clk_l'
            Info: 2: + IC(0.118 ns) + CELL(0.000 ns) = 1.117 ns; Loc. = CLKCTRL_G1; Fanout = 14; COMB Node = 'clk_l~clkctrl'
            Info: 3: + IC(1.002 ns) + CELL(0.537 ns) = 2.656 ns; Loc. = LCFF_X37_Y12_N5; Fanout = 1; REG Node = 'green_leds:inst|leds[6]'
            Info: Total cell delay = 1.536 ns ( 57.83 % )
            Info: Total interconnect delay = 1.120 ns ( 42.17 % )
        Info: - Longest clock path from clock "clk_l" to source register is 2.656 ns
            Info: 1: + IC(0.000 ns) + CELL(0.999 ns) = 0.999 ns; Loc. = PIN_N1; Fanout = 1; CLK Node = 'clk_l'
            Info: 2: + IC(0.118 ns) + CELL(0.000 ns) = 1.117 ns; Loc. = CLKCTRL_G1; Fanout = 14; COMB Node = 'clk_l~clkctrl'
            Info: 3: + IC(1.002 ns) + CELL(0.537 ns) = 2.656 ns; Loc. = LCFF_X37_Y12_N1; Fanout = 4; REG Node = 'green_leds:inst|i[2]'
            Info: Total cell delay = 1.536 ns ( 57.83 % )
            Info: Total interconnect delay = 1.120 ns ( 42.17 % )
    Info: + Micro clock to output delay of source is 0.250 ns
    Info: + Micro setup delay of destination is -0.036 ns
Info: tco from clock "clk_l" to destination pin "leds[2]" through register "green_leds:inst|leds[2]" is 9.409 ns
    Info: + Longest clock path from clock "clk_l" to source register is 2.656 ns
        Info: 1: + IC(0.000 ns) + CELL(0.999 ns) = 0.999 ns; Loc. = PIN_N1; Fanout = 1; CLK Node = 'clk_l'
        Info: 2: + IC(0.118 ns) + CELL(0.000 ns) = 1.117 ns; Loc. = CLKCTRL_G1; Fanout = 14; COMB Node = 'clk_l~clkctrl'
        Info: 3: + IC(1.002 ns) + CELL(0.537 ns) = 2.656 ns; Loc. = LCFF_X37_Y12_N29; Fanout = 1; REG Node = 'green_leds:inst|leds[2]'
        Info: Total cell delay = 1.536 ns ( 57.83 % )
        Info: Total interconnect delay = 1.120 ns ( 42.17 % )
    Info: + Micro clock to output delay of source is 0.250 ns
    Info: + Longest register to pin delay is 6.503 ns
        Info: 1: + IC(0.000 ns) + CELL(0.000 ns) = 0.000 ns; Loc. = LCFF_X37_Y12_N29; Fanout = 1; REG Node = 'green_leds:inst|leds[2]'
        Info: 2: + IC(3.715 ns) + CELL(2.788 ns) = 6.503 ns; Loc. = PIN_W19; Fanout = 0; PIN Node = 'leds[2]'
        Info: Total cell delay = 2.788 ns ( 42.87 % )
        Info: Total interconnect delay = 3.715 ns ( 57.13 % )
Info: Quartus II Classic Timing Analyzer was successful. 0 errors, 1 warning
    Info: Peak virtual memory: 152 megabytes
    Info: Processing ended: Tue Dec 03 23:38:18 2013
    Info: Elapsed time: 00:00:01
    Info: Total CPU time (on all processors): 00:00:01


